#! /usr/bin/vvp
:ivl_version "10.3 (stable)";
:ivl_delay_selection "TYPICAL";
:vpi_time_precision - 9;
:vpi_module "system";
:vpi_module "vhdl_sys";
:vpi_module "v2005_math";
:vpi_module "va_math";
S_0x55c3f5164cc0 .scope module, "io_dipsw" "io_dipsw" 2 520;
 .timescale 0 0;
    .port_info 0 /INPUT 1 "clk"
    .port_info 1 /INPUT 1 "rst"
    .port_info 2 /INPUT 8 "din"
    .port_info 3 /OUTPUT 8 "dout"
o0x7f921adb1018 .functor BUFZ 1, C4<z>; HiZ drive
v0x55c3f515e9c0_0 .net "clk", 0 0, o0x7f921adb1018;  0 drivers
o0x7f921adb1048 .functor BUFZ 8, C4<zzzzzzzz>; HiZ drive
v0x55c3f5161e30_0 .net "din", 7 0, o0x7f921adb1048;  0 drivers
v0x55c3f5161f30_0 .var "dout", 7 0;
o0x7f921adb10a8 .functor BUFZ 1, C4<z>; HiZ drive
v0x55c3f5162c60_0 .net "rst", 0 0, o0x7f921adb10a8;  0 drivers
E_0x55c3f511bf70/0 .event negedge, v0x55c3f5162c60_0;
E_0x55c3f511bf70/1 .event posedge, v0x55c3f515e9c0_0;
E_0x55c3f511bf70 .event/or E_0x55c3f511bf70/0, E_0x55c3f511bf70/1;
S_0x55c3f5151d20 .scope module, "io_led" "io_led" 2 542;
 .timescale 0 0;
    .port_info 0 /INPUT 1 "clk"
    .port_info 1 /INPUT 1 "rst"
    .port_info 2 /INPUT 8 "din"
    .port_info 3 /OUTPUT 8 "dout"
o0x7f921adb1198 .functor BUFZ 1, C4<z>; HiZ drive
v0x55c3f5162d30_0 .net "clk", 0 0, o0x7f921adb1198;  0 drivers
o0x7f921adb11c8 .functor BUFZ 8, C4<zzzzzzzz>; HiZ drive
v0x55c3f514ee80_0 .net "din", 7 0, o0x7f921adb11c8;  0 drivers
v0x55c3f514f660_0 .var "dout", 7 0;
o0x7f921adb1228 .functor BUFZ 1, C4<z>; HiZ drive
v0x55c3f5189600_0 .net "rst", 0 0, o0x7f921adb1228;  0 drivers
E_0x55c3f511b8e0/0 .event negedge, v0x55c3f5189600_0;
E_0x55c3f511b8e0/1 .event posedge, v0x55c3f5162d30_0;
E_0x55c3f511b8e0 .event/or E_0x55c3f511b8e0/0, E_0x55c3f511b8e0/1;
S_0x55c3f516e930 .scope module, "io_rtsw" "io_rtsw" 2 498;
 .timescale 0 0;
    .port_info 0 /INPUT 1 "clk"
    .port_info 1 /INPUT 1 "rst"
    .port_info 2 /INPUT 4 "din"
    .port_info 3 /OUTPUT 4 "dout"
o0x7f921adb1318 .functor BUFZ 1, C4<z>; HiZ drive
v0x55c3f51897b0_0 .net "clk", 0 0, o0x7f921adb1318;  0 drivers
o0x7f921adb1348 .functor BUFZ 4, C4<zzzz>; HiZ drive
v0x55c3f5189890_0 .net "din", 3 0, o0x7f921adb1348;  0 drivers
v0x55c3f5189970_0 .var "dout", 3 0;
o0x7f921adb13a8 .functor BUFZ 1, C4<z>; HiZ drive
v0x55c3f5189a30_0 .net "rst", 0 0, o0x7f921adb13a8;  0 drivers
E_0x55c3f511b510/0 .event negedge, v0x55c3f5189a30_0;
E_0x55c3f511b510/1 .event posedge, v0x55c3f51897b0_0;
E_0x55c3f511b510 .event/or E_0x55c3f511b510/0, E_0x55c3f511b510/1;
S_0x55c3f50f2790 .scope module, "sim" "sim" 3 1;
 .timescale 0 0;
v0x55c3f518a6e0_0 .var "a", 3 0;
v0x55c3f518a7c0_0 .var "b", 3 0;
v0x55c3f518a890_0 .var "clk", 0 0;
v0x55c3f518a990_0 .var "ld", 0 0;
v0x55c3f518aa60_0 .net "ra", 7 0, v0x55c3f518a1e0_0;  1 drivers
v0x55c3f518ab00_0 .net "rb", 3 0, v0x55c3f518a310_0;  1 drivers
v0x55c3f518abd0_0 .var "rst", 0 0;
v0x55c3f518aca0_0 .net "ry", 7 0, v0x55c3f518a4b0_0;  1 drivers
S_0x55c3f5189ba0 .scope module, "mul" "mul" 3 8, 4 1 0, S_0x55c3f50f2790;
 .timescale -9 -9;
    .port_info 0 /INPUT 1 "clk"
    .port_info 1 /INPUT 1 "rst"
    .port_info 2 /INPUT 1 "ld"
    .port_info 3 /INPUT 4 "a"
    .port_info 4 /INPUT 4 "b"
    .port_info 5 /OUTPUT 8 "ra"
    .port_info 6 /OUTPUT 4 "rb"
    .port_info 7 /OUTPUT 8 "ry"
v0x55c3f5189ea0_0 .net "a", 3 0, v0x55c3f518a6e0_0;  1 drivers
v0x55c3f5189fa0_0 .net "b", 3 0, v0x55c3f518a7c0_0;  1 drivers
v0x55c3f518a080_0 .net "clk", 0 0, v0x55c3f518a890_0;  1 drivers
v0x55c3f518a120_0 .net "ld", 0 0, v0x55c3f518a990_0;  1 drivers
v0x55c3f518a1e0_0 .var "ra", 7 0;
v0x55c3f518a310_0 .var "rb", 3 0;
v0x55c3f518a3f0_0 .net "rst", 0 0, v0x55c3f518abd0_0;  1 drivers
v0x55c3f518a4b0_0 .var "ry", 7 0;
E_0x55c3f511b7a0 .event posedge, v0x55c3f518a080_0;
S_0x55c3f516e460 .scope module, "top" "top" 5 3;
 .timescale -9 -9;
    .port_info 0 /INPUT 1 "rx_clk"
    .port_info 1 /INPUT 1 "rk_clk"
    .port_info 2 /INPUT 1 "rx_rst"
    .port_info 3 /INPUT 5 "psw_a"
    .port_info 4 /INPUT 5 "psw_b"
    .port_info 5 /INPUT 5 "psw_c"
    .port_info 6 /INPUT 5 "psw_d"
    .port_info 7 /INPUT 4 "rtsw_a"
    .port_info 8 /INPUT 4 "rtsw_b"
    .port_info 9 /INPUT 8 "dipsw_a"
    .port_info 10 /INPUT 8 "dipsw_b"
    .port_info 11 /OUTPUT 1 "bz"
    .port_info 12 /OUTPUT 8 "led"
    .port_info 13 /OUTPUT 8 "seg_a"
    .port_info 14 /OUTPUT 8 "seg_b"
    .port_info 15 /OUTPUT 4 "seg_sela"
    .port_info 16 /OUTPUT 4 "seg_selb"
o0x7f921adb18b8 .functor BUFZ 1, C4<z>; HiZ drive
L_0x55c3f51a5b40 .functor BUFZ 1, o0x7f921adb18b8, C4<0>, C4<0>, C4<0>;
o0x7f921adb2fc8 .functor BUFZ 4, C4<zzzz>; HiZ drive
L_0x55c3f51a5d20 .functor BUFZ 4, o0x7f921adb2fc8, C4<0000>, C4<0000>, C4<0000>;
o0x7f921adb2ff8 .functor BUFZ 4, C4<zzzz>; HiZ drive
L_0x55c3f51a5de0 .functor BUFZ 4, o0x7f921adb2ff8, C4<0000>, C4<0000>, C4<0000>;
L_0x55c3f51a5ea0 .functor NOT 1, L_0x55c3f51a5b40, C4<0>, C4<0>, C4<0>;
v0x55c3f5192870_0 .net *"_s1", 0 0, L_0x55c3f51a5830;  1 drivers
v0x55c3f5192970_0 .net *"_s14", 0 0, L_0x55c3f51a5ea0;  1 drivers
L_0x7f921ad68138 .functor BUFT 1, C4<00000>, C4<0>, C4<0>, C4<0>;
v0x55c3f5192a50_0 .net/2u *"_s16", 4 0, L_0x7f921ad68138;  1 drivers
v0x55c3f5192b10_0 .net *"_s3", 0 0, L_0x55c3f51a58d0;  1 drivers
v0x55c3f5192bf0_0 .net "a", 3 0, L_0x55c3f51a5d20;  1 drivers
v0x55c3f5192cb0_0 .net "b", 3 0, L_0x55c3f51a5de0;  1 drivers
v0x55c3f5192d50_0 .net "bz", 0 0, L_0x55c3f51a5370;  1 drivers
o0x7f921adb1ca8 .functor BUFZ 8, C4<zzzzzzzz>; HiZ drive
v0x55c3f5192df0_0 .net "bz_val", 7 0, o0x7f921adb1ca8;  0 drivers
o0x7f921adb1b28 .functor BUFZ 1, C4<z>; HiZ drive
v0x55c3f5192ec0_0 .net "bz_wr", 0 0, o0x7f921adb1b28;  0 drivers
v0x55c3f5192f60_0 .net "clk", 0 0, L_0x55c3f51a5a00;  1 drivers
o0x7f921adb2f08 .functor BUFZ 8, C4<zzzzzzzz>; HiZ drive
v0x55c3f5193000_0 .net "dipsw_a", 7 0, o0x7f921adb2f08;  0 drivers
o0x7f921adb2f38 .functor BUFZ 8, C4<zzzzzzzz>; HiZ drive
v0x55c3f51930a0_0 .net "dipsw_b", 7 0, o0x7f921adb2f38;  0 drivers
v0x55c3f5193160_0 .net "ld", 0 0, L_0x55c3f51a5c00;  1 drivers
v0x55c3f5193230_0 .net "led", 7 0, L_0x55c3f51a5f90;  1 drivers
o0x7f921adb2158 .functor BUFZ 5, C4<zzzzz>; HiZ drive
v0x55c3f51932f0_0 .net "psw_a", 4 0, o0x7f921adb2158;  0 drivers
o0x7f921adb2188 .functor BUFZ 5, C4<zzzzz>; HiZ drive
v0x55c3f51933e0_0 .net "psw_b", 4 0, o0x7f921adb2188;  0 drivers
o0x7f921adb21b8 .functor BUFZ 5, C4<zzzzz>; HiZ drive
v0x55c3f51934b0_0 .net "psw_c", 4 0, o0x7f921adb21b8;  0 drivers
o0x7f921adb21e8 .functor BUFZ 5, C4<zzzzz>; HiZ drive
v0x55c3f5193690_0 .net "psw_d", 4 0, o0x7f921adb21e8;  0 drivers
v0x55c3f5193760_0 .net "psw_fn", 3 0, v0x55c3f518d640_0;  1 drivers
v0x55c3f5193850_0 .net "psw_val", 3 0, v0x55c3f518d8e0_0;  1 drivers
v0x55c3f5193960_0 .net "ra", 7 0, v0x55c3f5192370_0;  1 drivers
v0x55c3f5193a20_0 .net "rb", 3 0, v0x55c3f51924a0_0;  1 drivers
o0x7f921adb2f98 .functor BUFZ 1, C4<z>; HiZ drive
v0x55c3f5193ac0_0 .net "rk_clk", 0 0, o0x7f921adb2f98;  0 drivers
v0x55c3f5193b60_0 .net "rst", 0 0, L_0x55c3f51a5b40;  1 drivers
v0x55c3f5193c30_0 .net "rtsw_a", 3 0, o0x7f921adb2fc8;  0 drivers
v0x55c3f5193cf0_0 .net "rtsw_b", 3 0, o0x7f921adb2ff8;  0 drivers
o0x7f921adb17c8 .functor BUFZ 1, C4<z>; HiZ drive
v0x55c3f5193dd0_0 .net "rx_clk", 0 0, o0x7f921adb17c8;  0 drivers
v0x55c3f5193e70_0 .net "rx_rst", 0 0, o0x7f921adb18b8;  0 drivers
v0x55c3f5193f10_0 .net "ry", 7 0, v0x55c3f5192640_0;  1 drivers
v0x55c3f5194000_0 .net "seg_a", 7 0, v0x55c3f518f2b0_0;  1 drivers
v0x55c3f51940f0_0 .net "seg_b", 7 0, v0x55c3f518f8d0_0;  1 drivers
v0x55c3f5194200_0 .net "seg_sela", 3 0, L_0x55c3f51a5480;  1 drivers
v0x55c3f51942c0_0 .net "seg_selb", 3 0, L_0x55c3f51a5540;  1 drivers
v0x55c3f5194570_0 .net "seg_val", 31 0, L_0x55c3f51a60d0;  1 drivers
L_0x55c3f51a5830 .part v0x55c3f518d640_0, 0, 1;
L_0x55c3f51a58d0 .part v0x55c3f518d640_0, 1, 1;
L_0x55c3f51a5a00 .functor MUXZ 1, o0x7f921adb2f98, L_0x55c3f51a58d0, L_0x55c3f51a5830, C4<>;
L_0x55c3f51a5c00 .part v0x55c3f518d640_0, 2, 1;
L_0x55c3f51a5f90 .concat [ 5 1 1 1], L_0x7f921ad68138, L_0x55c3f51a5c00, L_0x55c3f51a5ea0, L_0x55c3f51a5a00;
LS_0x55c3f51a60d0_0_0 .concat [ 8 4 4 8], v0x55c3f5192640_0, v0x55c3f51924a0_0, v0x55c3f518d8e0_0, v0x55c3f5192370_0;
LS_0x55c3f51a60d0_0_4 .concat [ 4 4 0 0], o0x7f921adb2ff8, o0x7f921adb2fc8;
L_0x55c3f51a60d0 .concat [ 24 8 0 0], LS_0x55c3f51a60d0_0_0, LS_0x55c3f51a60d0_0_4;
S_0x55c3f518ad70 .scope module, "io_bz" "io_bz" 5 34, 2 168 0, S_0x55c3f516e460;
 .timescale 0 0;
    .port_info 0 /INPUT 1 "clk"
    .port_info 1 /INPUT 1 "rst"
    .port_info 2 /INPUT 1 "start"
    .port_info 3 /INPUT 8 "val"
    .port_info 4 /OUTPUT 1 "bz"
L_0x55c3f51a5370 .functor AND 1, L_0x55c3f51a4db0, v0x55c3f518b6e0_0, C4<1>, C4<1>;
v0x55c3f518c6c0_0 .net "bz", 0 0, L_0x55c3f51a5370;  alias, 1 drivers
v0x55c3f518c7a0_0 .net "clk", 0 0, o0x7f921adb17c8;  alias, 0 drivers
v0x55c3f518c860_0 .net "enable", 0 0, L_0x55c3f51a4db0;  1 drivers
v0x55c3f518c900_0 .net "pitch", 0 0, v0x55c3f518b6e0_0;  1 drivers
v0x55c3f518c9d0_0 .net "rst", 0 0, o0x7f921adb18b8;  alias, 0 drivers
v0x55c3f518cb10_0 .net "start", 0 0, o0x7f921adb1b28;  alias, 0 drivers
v0x55c3f518cbb0_0 .net "val", 7 0, o0x7f921adb1ca8;  alias, 0 drivers
L_0x55c3f51a4f40 .part o0x7f921adb1ca8, 4, 4;
L_0x55c3f51a5280 .part o0x7f921adb1ca8, 0, 4;
S_0x55c3f518aff0 .scope module, "bp" "bz_pitch" 2 182, 2 269 0, S_0x55c3f518ad70;
 .timescale 0 0;
    .port_info 0 /INPUT 1 "clk"
    .port_info 1 /INPUT 1 "rst"
    .port_info 2 /INPUT 4 "val"
    .port_info 3 /OUTPUT 1 "pitch"
L_0x7f921ad680a8 .functor BUFT 1, C4<0000>, C4<0>, C4<0>, C4<0>;
v0x55c3f518b280_0 .net/2u *"_s2", 3 0, L_0x7f921ad680a8;  1 drivers
v0x55c3f518b340_0 .net "clk", 0 0, o0x7f921adb17c8;  alias, 0 drivers
v0x55c3f518b400_0 .var "cnt", 15 0;
v0x55c3f518b4f0_0 .var "cref", 15 0;
v0x55c3f518b5d0_0 .net "max", 0 0, L_0x55c3f51a5030;  1 drivers
v0x55c3f518b6e0_0 .var "pitch", 0 0;
v0x55c3f518b7a0_0 .net "rst", 0 0, o0x7f921adb18b8;  alias, 0 drivers
v0x55c3f518b860_0 .net "val", 3 0, L_0x55c3f51a5280;  1 drivers
v0x55c3f518b940_0 .net "zero", 0 0, L_0x55c3f51a5130;  1 drivers
E_0x55c3f511c080/0 .event negedge, v0x55c3f518b7a0_0;
E_0x55c3f511c080/1 .event posedge, v0x55c3f518b340_0;
E_0x55c3f511c080 .event/or E_0x55c3f511c080/0, E_0x55c3f511c080/1;
L_0x55c3f51a5030 .cmp/eq 16, v0x55c3f518b400_0, v0x55c3f518b4f0_0;
L_0x55c3f51a5130 .cmp/eq 4, L_0x55c3f51a5280, L_0x7f921ad680a8;
S_0x55c3f518bb10 .scope module, "bt" "bz_time" 2 180, 2 193 0, S_0x55c3f518ad70;
 .timescale 0 0;
    .port_info 0 /INPUT 1 "clk"
    .port_info 1 /INPUT 1 "rst"
    .port_info 2 /INPUT 1 "start"
    .port_info 3 /INPUT 4 "val"
    .port_info 4 /OUTPUT 1 "enable"
L_0x7f921ad68060 .functor BUFT 1, C4<000000000000000000000000>, C4<0>, C4<0>, C4<0>;
v0x55c3f518bd30_0 .net/2u *"_s2", 23 0, L_0x7f921ad68060;  1 drivers
v0x55c3f518be10_0 .net "clk", 0 0, o0x7f921adb17c8;  alias, 0 drivers
v0x55c3f518bf00_0 .var "cnt", 23 0;
v0x55c3f518bfd0_0 .var "cref", 23 0;
v0x55c3f518c090_0 .var "dly", 1 0;
v0x55c3f518c1c0_0 .net "enable", 0 0, L_0x55c3f51a4db0;  alias, 1 drivers
v0x55c3f518c280_0 .net "max", 0 0, L_0x55c3f51a4c80;  1 drivers
v0x55c3f518c340_0 .net "rst", 0 0, o0x7f921adb18b8;  alias, 0 drivers
v0x55c3f518c3e0_0 .net "start", 0 0, o0x7f921adb1b28;  alias, 0 drivers
v0x55c3f518c510_0 .net "val", 3 0, L_0x55c3f51a4f40;  1 drivers
L_0x55c3f51a4c80 .cmp/eq 24, v0x55c3f518bf00_0, v0x55c3f518bfd0_0;
L_0x55c3f51a4db0 .cmp/ne 24, v0x55c3f518bf00_0, L_0x7f921ad68060;
S_0x55c3f518cc90 .scope module, "io_psw" "io_psw" 5 25, 2 5 0, S_0x55c3f516e460;
 .timescale 0 0;
    .port_info 0 /INPUT 1 "clk"
    .port_info 1 /INPUT 1 "rst"
    .port_info 2 /INPUT 5 "psw_a"
    .port_info 3 /INPUT 5 "psw_b"
    .port_info 4 /INPUT 5 "psw_c"
    .port_info 5 /INPUT 5 "psw_d"
    .port_info 6 /OUTPUT 4 "psw_val"
    .port_info 7 /OUTPUT 4 "psw_fn"
v0x55c3f518e330_0 .net "clk", 0 0, o0x7f921adb17c8;  alias, 0 drivers
v0x55c3f518e3d0_0 .net "ld", 0 0, L_0x55c3f51a4af0;  1 drivers
v0x55c3f518e490_0 .net "psw_a", 4 0, o0x7f921adb2158;  alias, 0 drivers
v0x55c3f518e530_0 .net "psw_b", 4 0, o0x7f921adb2188;  alias, 0 drivers
v0x55c3f518e610_0 .net "psw_c", 4 0, o0x7f921adb21b8;  alias, 0 drivers
v0x55c3f518e740_0 .net "psw_d", 4 0, o0x7f921adb21e8;  alias, 0 drivers
v0x55c3f518e820_0 .net "psw_fn", 3 0, v0x55c3f518d640_0;  alias, 1 drivers
v0x55c3f518e8e0_0 .net "psw_in", 19 0, L_0x55c3f5194840;  1 drivers
v0x55c3f518e980_0 .net "psw_val", 3 0, v0x55c3f518d8e0_0;  alias, 1 drivers
v0x55c3f518eae0_0 .net "rst", 0 0, o0x7f921adb18b8;  alias, 0 drivers
L_0x55c3f5194840 .concat [ 5 5 5 5], o0x7f921adb2158, o0x7f921adb2188, o0x7f921adb21b8, o0x7f921adb21e8;
S_0x55c3f518cfa0 .scope module, "pd" "psw_detecter" 2 22, 2 62 0, S_0x55c3f518cc90;
 .timescale 0 0;
    .port_info 0 /INPUT 1 "clk"
    .port_info 1 /INPUT 1 "rst"
    .port_info 2 /INPUT 1 "ld"
    .port_info 3 /INPUT 20 "psw_in"
    .port_info 4 /OUTPUT 4 "psw_val"
    .port_info 5 /OUTPUT 4 "psw_fn"
v0x55c3f518d210_0 .net "clk", 0 0, o0x7f921adb17c8;  alias, 0 drivers
v0x55c3f518d2d0_0 .var "cnt", 2 0;
v0x55c3f518d3b0_0 .var "dly", 1 0;
v0x55c3f518d470_0 .net "ld", 0 0, L_0x55c3f51a4af0;  alias, 1 drivers
v0x55c3f518d530_0 .net "max", 0 0, L_0x55c3f51a4be0;  1 drivers
v0x55c3f518d640_0 .var "psw_fn", 3 0;
v0x55c3f518d720_0 .var "psw_id", 4 0;
v0x55c3f518d800_0 .net "psw_in", 19 0, L_0x55c3f5194840;  alias, 1 drivers
v0x55c3f518d8e0_0 .var "psw_val", 3 0;
v0x55c3f518da50_0 .net "rst", 0 0, o0x7f921adb18b8;  alias, 0 drivers
L_0x55c3f51a4be0 .reduce/and v0x55c3f518d2d0_0;
S_0x55c3f518dbf0 .scope module, "pp" "psw_pulse" 2 20, 2 32 0, S_0x55c3f518cc90;
 .timescale 0 0;
    .port_info 0 /INPUT 1 "clk"
    .port_info 1 /INPUT 1 "rst"
    .port_info 2 /OUTPUT 1 "co"
L_0x7f921ad68018 .functor BUFT 1, C4<11000011010100000>, C4<0>, C4<0>, C4<0>;
v0x55c3f518dde0_0 .net/2u *"_s0", 16 0, L_0x7f921ad68018;  1 drivers
v0x55c3f518dee0_0 .net "clk", 0 0, o0x7f921adb17c8;  alias, 0 drivers
v0x55c3f518e030_0 .var "cnt", 16 0;
v0x55c3f518e0d0_0 .net "co", 0 0, L_0x55c3f51a4af0;  alias, 1 drivers
v0x55c3f518e1a0_0 .net "rst", 0 0, o0x7f921adb18b8;  alias, 0 drivers
L_0x55c3f51a4af0 .cmp/eq 17, v0x55c3f518e030_0, L_0x7f921ad68018;
S_0x55c3f518ec60 .scope module, "io_seg" "io_seg" 5 38, 2 344 0, S_0x55c3f516e460;
 .timescale 0 0;
    .port_info 0 /INPUT 1 "clk"
    .port_info 1 /INPUT 1 "rst"
    .port_info 2 /OUTPUT 4 "sa"
    .port_info 3 /OUTPUT 4 "sb"
    .port_info 4 /INPUT 32 "d"
    .port_info 5 /OUTPUT 8 "qa"
    .port_info 6 /OUTPUT 8 "qb"
L_0x55c3f51a5480 .functor BUFZ 4, v0x55c3f5191270_0, C4<0000>, C4<0000>, C4<0000>;
L_0x55c3f51a5540 .functor BUFZ 4, v0x55c3f5191270_0, C4<0000>, C4<0000>, C4<0000>;
v0x55c3f5191400_0 .net "clk", 0 0, o0x7f921adb17c8;  alias, 0 drivers
v0x55c3f51914a0_0 .net "d", 31 0, L_0x55c3f51a60d0;  alias, 1 drivers
v0x55c3f5191580_0 .net "qa", 7 0, v0x55c3f518f2b0_0;  alias, 1 drivers
v0x55c3f5191620_0 .net "qb", 7 0, v0x55c3f518f8d0_0;  alias, 1 drivers
v0x55c3f51916c0_0 .net "rst", 0 0, o0x7f921adb18b8;  alias, 0 drivers
v0x55c3f51917b0_0 .net "sa", 3 0, L_0x55c3f51a5480;  alias, 1 drivers
v0x55c3f5191870_0 .net "sb", 3 0, L_0x55c3f51a5540;  alias, 1 drivers
v0x55c3f5191950_0 .net "sel", 3 0, v0x55c3f5191270_0;  1 drivers
v0x55c3f5191a10_0 .net "va", 3 0, v0x55c3f5190040_0;  1 drivers
v0x55c3f5191ad0_0 .net "vb", 3 0, v0x55c3f5190890_0;  1 drivers
L_0x55c3f51a56a0 .part L_0x55c3f51a60d0, 16, 16;
L_0x55c3f51a5790 .part L_0x55c3f51a60d0, 0, 16;
S_0x55c3f518eec0 .scope module, "sda" "seg_decoder" 2 365, 2 456 0, S_0x55c3f518ec60;
 .timescale 0 0;
    .port_info 0 /INPUT 1 "clk"
    .port_info 1 /INPUT 1 "rst"
    .port_info 2 /INPUT 4 "val"
    .port_info 3 /OUTPUT 8 "seg"
v0x55c3f518f130_0 .net "clk", 0 0, o0x7f921adb17c8;  alias, 0 drivers
v0x55c3f518f1f0_0 .net "rst", 0 0, o0x7f921adb18b8;  alias, 0 drivers
v0x55c3f518f2b0_0 .var "seg", 7 0;
v0x55c3f518f380_0 .net "val", 3 0, v0x55c3f5190040_0;  alias, 1 drivers
S_0x55c3f518f510 .scope module, "sdb" "seg_decoder" 2 366, 2 456 0, S_0x55c3f518ec60;
 .timescale 0 0;
    .port_info 0 /INPUT 1 "clk"
    .port_info 1 /INPUT 1 "rst"
    .port_info 2 /INPUT 4 "val"
    .port_info 3 /OUTPUT 8 "seg"
v0x55c3f518f770_0 .net "clk", 0 0, o0x7f921adb17c8;  alias, 0 drivers
v0x55c3f518f810_0 .net "rst", 0 0, o0x7f921adb18b8;  alias, 0 drivers
v0x55c3f518f8d0_0 .var "seg", 7 0;
v0x55c3f518f9a0_0 .net "val", 3 0, v0x55c3f5190890_0;  alias, 1 drivers
S_0x55c3f518fb30 .scope module, "sra" "seg_register" 2 362, 2 422 0, S_0x55c3f518ec60;
 .timescale 0 0;
    .port_info 0 /INPUT 1 "clk"
    .port_info 1 /INPUT 1 "rst"
    .port_info 2 /INPUT 4 "sel"
    .port_info 3 /INPUT 16 "din"
    .port_info 4 /OUTPUT 4 "dout"
v0x55c3f518fdb0_0 .net "clk", 0 0, o0x7f921adb17c8;  alias, 0 drivers
v0x55c3f518ff60_0 .net "din", 15 0, L_0x55c3f51a56a0;  1 drivers
v0x55c3f5190040_0 .var "dout", 3 0;
v0x55c3f5190140_0 .net "rst", 0 0, o0x7f921adb18b8;  alias, 0 drivers
v0x55c3f51902f0_0 .net "sel", 3 0, v0x55c3f5191270_0;  alias, 1 drivers
S_0x55c3f51904a0 .scope module, "srb" "seg_register" 2 363, 2 422 0, S_0x55c3f518ec60;
 .timescale 0 0;
    .port_info 0 /INPUT 1 "clk"
    .port_info 1 /INPUT 1 "rst"
    .port_info 2 /INPUT 4 "sel"
    .port_info 3 /INPUT 16 "din"
    .port_info 4 /OUTPUT 4 "dout"
v0x55c3f51906f0_0 .net "clk", 0 0, o0x7f921adb17c8;  alias, 0 drivers
v0x55c3f51907b0_0 .net "din", 15 0, L_0x55c3f51a5790;  1 drivers
v0x55c3f5190890_0 .var "dout", 3 0;
v0x55c3f5190990_0 .net "rst", 0 0, o0x7f921adb18b8;  alias, 0 drivers
v0x55c3f5190a30_0 .net "sel", 3 0, v0x55c3f5191270_0;  alias, 1 drivers
S_0x55c3f5190bd0 .scope module, "ss" "seg_selecter" 2 360, 2 377 0, S_0x55c3f518ec60;
 .timescale 0 0;
    .port_info 0 /INPUT 1 "clk"
    .port_info 1 /INPUT 1 "rst"
    .port_info 2 /OUTPUT 4 "sel"
L_0x7f921ad680f0 .functor BUFT 1, C4<11000000000000>, C4<0>, C4<0>, C4<0>;
v0x55c3f5190e60_0 .net/2u *"_s0", 13 0, L_0x7f921ad680f0;  1 drivers
v0x55c3f5190f60_0 .net "clk", 0 0, o0x7f921adb17c8;  alias, 0 drivers
v0x55c3f5191020_0 .var "cnt", 13 0;
v0x55c3f51910c0_0 .net "max", 0 0, L_0x55c3f51a55b0;  1 drivers
v0x55c3f5191180_0 .net "rst", 0 0, o0x7f921adb18b8;  alias, 0 drivers
v0x55c3f5191270_0 .var "sel", 3 0;
L_0x55c3f51a55b0 .cmp/eq 14, v0x55c3f5191020_0, L_0x7f921ad680f0;
S_0x55c3f5191d00 .scope module, "mul" "mul" 5 55, 4 1 0, S_0x55c3f516e460;
 .timescale -9 -9;
    .port_info 0 /INPUT 1 "clk"
    .port_info 1 /INPUT 1 "rst"
    .port_info 2 /INPUT 1 "ld"
    .port_info 3 /INPUT 4 "a"
    .port_info 4 /INPUT 4 "b"
    .port_info 5 /OUTPUT 8 "ra"
    .port_info 6 /OUTPUT 4 "rb"
    .port_info 7 /OUTPUT 8 "ry"
v0x55c3f5192030_0 .net "a", 3 0, L_0x55c3f51a5d20;  alias, 1 drivers
v0x55c3f5192130_0 .net "b", 3 0, L_0x55c3f51a5de0;  alias, 1 drivers
v0x55c3f5192210_0 .net "clk", 0 0, L_0x55c3f51a5a00;  alias, 1 drivers
v0x55c3f51922b0_0 .net "ld", 0 0, L_0x55c3f51a5c00;  alias, 1 drivers
v0x55c3f5192370_0 .var "ra", 7 0;
v0x55c3f51924a0_0 .var "rb", 3 0;
v0x55c3f5192580_0 .net "rst", 0 0, L_0x55c3f51a5b40;  alias, 1 drivers
v0x55c3f5192640_0 .var "ry", 7 0;
E_0x55c3f5172070 .event posedge, v0x55c3f5192210_0;
    .scope S_0x55c3f5164cc0;
T_0 ;
    %wait E_0x55c3f511bf70;
    %load/vec4 v0x55c3f5162c60_0;
    %cmpi/e 0, 0, 1;
    %jmp/0xz  T_0.0, 4;
    %pushi/vec4 0, 0, 8;
    %assign/vec4 v0x55c3f5161f30_0, 0;
    %jmp T_0.1;
T_0.0 ;
    %load/vec4 v0x55c3f5161e30_0;
    %inv;
    %assign/vec4 v0x55c3f5161f30_0, 0;
T_0.1 ;
    %jmp T_0;
    .thread T_0;
    .scope S_0x55c3f5151d20;
T_1 ;
    %wait E_0x55c3f511b8e0;
    %load/vec4 v0x55c3f5189600_0;
    %cmpi/e 0, 0, 1;
    %jmp/0xz  T_1.0, 4;
    %pushi/vec4 0, 0, 8;
    %assign/vec4 v0x55c3f514f660_0, 0;
    %jmp T_1.1;
T_1.0 ;
    %load/vec4 v0x55c3f514ee80_0;
    %assign/vec4 v0x55c3f514f660_0, 0;
T_1.1 ;
    %jmp T_1;
    .thread T_1;
    .scope S_0x55c3f516e930;
T_2 ;
    %wait E_0x55c3f511b510;
    %load/vec4 v0x55c3f5189a30_0;
    %cmpi/e 0, 0, 1;
    %jmp/0xz  T_2.0, 4;
    %pushi/vec4 0, 0, 4;
    %assign/vec4 v0x55c3f5189970_0, 0;
    %jmp T_2.1;
T_2.0 ;
    %load/vec4 v0x55c3f5189890_0;
    %assign/vec4 v0x55c3f5189970_0, 0;
T_2.1 ;
    %jmp T_2;
    .thread T_2;
    .scope S_0x55c3f5189ba0;
T_3 ;
    %wait E_0x55c3f511b7a0;
    %load/vec4 v0x55c3f518a120_0;
    %cmpi/e 1, 0, 1;
    %jmp/0xz  T_3.0, 4;
    %pushi/vec4 0, 0, 4;
    %load/vec4 v0x55c3f5189ea0_0;
    %concat/vec4; draw_concat_vec4
    %assign/vec4 v0x55c3f518a1e0_0, 0;
    %jmp T_3.1;
T_3.0 ;
    %load/vec4 v0x55c3f518a1e0_0;
    %parti/s 7, 0, 2;
    %concati/vec4 0, 0, 1;
    %assign/vec4 v0x55c3f518a1e0_0, 0;
T_3.1 ;
    %jmp T_3;
    .thread T_3;
    .scope S_0x55c3f5189ba0;
T_4 ;
    %wait E_0x55c3f511b7a0;
    %load/vec4 v0x55c3f518a120_0;
    %cmpi/e 1, 0, 1;
    %jmp/0xz  T_4.0, 4;
    %load/vec4 v0x55c3f5189fa0_0;
    %assign/vec4 v0x55c3f518a310_0, 0;
    %jmp T_4.1;
T_4.0 ;
    %pushi/vec4 0, 0, 1;
    %load/vec4 v0x55c3f518a310_0;
    %parti/s 3, 1, 2;
    %concat/vec4; draw_concat_vec4
    %assign/vec4 v0x55c3f518a310_0, 0;
T_4.1 ;
    %jmp T_4;
    .thread T_4;
    .scope S_0x55c3f5189ba0;
T_5 ;
    %wait E_0x55c3f511b7a0;
    %load/vec4 v0x55c3f518a120_0;
    %cmpi/e 1, 0, 1;
    %jmp/0xz  T_5.0, 4;
    %pushi/vec4 0, 0, 8;
    %assign/vec4 v0x55c3f518a4b0_0, 0;
    %jmp T_5.1;
T_5.0 ;
    %load/vec4 v0x55c3f518a310_0;
    %parti/s 1, 0, 2;
    %cmpi/e 1, 0, 1;
    %jmp/0xz  T_5.2, 4;
    %load/vec4 v0x55c3f518a4b0_0;
    %load/vec4 v0x55c3f518a1e0_0;
    %add;
    %assign/vec4 v0x55c3f518a4b0_0, 0;
T_5.2 ;
T_5.1 ;
    %jmp T_5;
    .thread T_5;
    .scope S_0x55c3f50f2790;
T_6 ;
    %pushi/vec4 0, 0, 1;
    %store/vec4 v0x55c3f518a890_0, 0, 1;
T_6.0 ;
    %delay 1410065408, 2;
    %load/vec4 v0x55c3f518a890_0;
    %inv;
    %store/vec4 v0x55c3f518a890_0, 0, 1;
    %jmp T_6.0;
    %end;
    .thread T_6;
    .scope S_0x55c3f50f2790;
T_7 ;
    %pushi/vec4 9, 0, 4;
    %store/vec4 v0x55c3f518a6e0_0, 0, 4;
    %pushi/vec4 11, 0, 4;
    %store/vec4 v0x55c3f518a7c0_0, 0, 4;
    %pushi/vec4 1, 0, 1;
    %store/vec4 v0x55c3f518abd0_0, 0, 1;
    %pushi/vec4 0, 0, 1;
    %store/vec4 v0x55c3f518a990_0, 0, 1;
    %delay 2115098112, 3;
    %pushi/vec4 0, 0, 1;
    %store/vec4 v0x55c3f518abd0_0, 0, 1;
    %delay 2820130816, 4;
    %pushi/vec4 1, 0, 1;
    %store/vec4 v0x55c3f518abd0_0, 0, 1;
    %pushi/vec4 1, 0, 1;
    %store/vec4 v0x55c3f518a990_0, 0, 1;
    %delay 2820130816, 4;
    %pushi/vec4 0, 0, 1;
    %store/vec4 v0x55c3f518a990_0, 0, 1;
    %end;
    .thread T_7;
    .scope S_0x55c3f518dbf0;
T_8 ;
    %wait E_0x55c3f511c080;
    %load/vec4 v0x55c3f518e1a0_0;
    %cmpi/e 0, 0, 1;
    %jmp/0xz  T_8.0, 4;
    %pushi/vec4 0, 0, 17;
    %assign/vec4 v0x55c3f518e030_0, 0;
    %jmp T_8.1;
T_8.0 ;
    %load/vec4 v0x55c3f518e0d0_0;
    %cmpi/e 1, 0, 1;
    %jmp/0xz  T_8.2, 4;
    %pushi/vec4 1, 0, 17;
    %assign/vec4 v0x55c3f518e030_0, 0;
    %jmp T_8.3;
T_8.2 ;
    %load/vec4 v0x55c3f518e030_0;
    %addi 1, 0, 17;
    %assign/vec4 v0x55c3f518e030_0, 0;
T_8.3 ;
T_8.1 ;
    %jmp T_8;
    .thread T_8;
    .scope S_0x55c3f518cfa0;
T_9 ;
    %wait E_0x55c3f511c080;
    %load/vec4 v0x55c3f518da50_0;
    %cmpi/e 0, 0, 1;
    %jmp/0xz  T_9.0, 4;
    %pushi/vec4 3, 0, 2;
    %assign/vec4 v0x55c3f518d3b0_0, 0;
    %jmp T_9.1;
T_9.0 ;
    %load/vec4 v0x55c3f518d470_0;
    %cmpi/e 1, 0, 1;
    %jmp/0xz  T_9.2, 4;
    %load/vec4 v0x55c3f518d3b0_0;
    %parti/s 1, 0, 2;
    %load/vec4 v0x55c3f518d800_0;
    %nand/r;
    %concat/vec4; draw_concat_vec4
    %assign/vec4 v0x55c3f518d3b0_0, 0;
T_9.2 ;
T_9.1 ;
    %jmp T_9;
    .thread T_9;
    .scope S_0x55c3f518cfa0;
T_10 ;
    %wait E_0x55c3f511c080;
    %load/vec4 v0x55c3f518da50_0;
    %cmpi/e 0, 0, 1;
    %jmp/0xz  T_10.0, 4;
    %pushi/vec4 0, 0, 3;
    %assign/vec4 v0x55c3f518d2d0_0, 0;
    %pushi/vec4 0, 0, 5;
    %assign/vec4 v0x55c3f518d720_0, 0;
    %jmp T_10.1;
T_10.0 ;
    %load/vec4 v0x55c3f518d3b0_0;
    %parti/s 1, 0, 2;
    %cmpi/e 0, 0, 1;
    %jmp/0xz  T_10.2, 4;
    %pushi/vec4 0, 0, 3;
    %assign/vec4 v0x55c3f518d2d0_0, 0;
    %pushi/vec4 0, 0, 5;
    %assign/vec4 v0x55c3f518d720_0, 0;
    %jmp T_10.3;
T_10.2 ;
    %load/vec4 v0x55c3f518d3b0_0;
    %parti/s 1, 1, 2;
    %cmpi/e 0, 0, 1;
    %jmp/0xz  T_10.4, 4;
    %pushi/vec4 1, 0, 3;
    %assign/vec4 v0x55c3f518d2d0_0, 0;
    %load/vec4 v0x55c3f518d800_0;
    %inv;
    %dup/vec4;
    %pushi/vec4 1, 0, 20;
    %cmp/u;
    %jmp/1 T_10.6, 6;
    %dup/vec4;
    %pushi/vec4 2, 0, 20;
    %cmp/u;
    %jmp/1 T_10.7, 6;
    %dup/vec4;
    %pushi/vec4 4, 0, 20;
    %cmp/u;
    %jmp/1 T_10.8, 6;
    %dup/vec4;
    %pushi/vec4 8, 0, 20;
    %cmp/u;
    %jmp/1 T_10.9, 6;
    %dup/vec4;
    %pushi/vec4 32, 0, 20;
    %cmp/u;
    %jmp/1 T_10.10, 6;
    %dup/vec4;
    %pushi/vec4 64, 0, 20;
    %cmp/u;
    %jmp/1 T_10.11, 6;
    %dup/vec4;
    %pushi/vec4 128, 0, 20;
    %cmp/u;
    %jmp/1 T_10.12, 6;
    %dup/vec4;
    %pushi/vec4 256, 0, 20;
    %cmp/u;
    %jmp/1 T_10.13, 6;
    %dup/vec4;
    %pushi/vec4 1024, 0, 20;
    %cmp/u;
    %jmp/1 T_10.14, 6;
    %dup/vec4;
    %pushi/vec4 2048, 0, 20;
    %cmp/u;
    %jmp/1 T_10.15, 6;
    %dup/vec4;
    %pushi/vec4 4096, 0, 20;
    %cmp/u;
    %jmp/1 T_10.16, 6;
    %dup/vec4;
    %pushi/vec4 8192, 0, 20;
    %cmp/u;
    %jmp/1 T_10.17, 6;
    %dup/vec4;
    %pushi/vec4 32768, 0, 20;
    %cmp/u;
    %jmp/1 T_10.18, 6;
    %dup/vec4;
    %pushi/vec4 65536, 0, 20;
    %cmp/u;
    %jmp/1 T_10.19, 6;
    %dup/vec4;
    %pushi/vec4 131072, 0, 20;
    %cmp/u;
    %jmp/1 T_10.20, 6;
    %dup/vec4;
    %pushi/vec4 262144, 0, 20;
    %cmp/u;
    %jmp/1 T_10.21, 6;
    %dup/vec4;
    %pushi/vec4 16, 0, 20;
    %cmp/u;
    %jmp/1 T_10.22, 6;
    %dup/vec4;
    %pushi/vec4 512, 0, 20;
    %cmp/u;
    %jmp/1 T_10.23, 6;
    %dup/vec4;
    %pushi/vec4 16384, 0, 20;
    %cmp/u;
    %jmp/1 T_10.24, 6;
    %dup/vec4;
    %pushi/vec4 524288, 0, 20;
    %cmp/u;
    %jmp/1 T_10.25, 6;
    %jmp T_10.26;
T_10.6 ;
    %pushi/vec4 0, 0, 5;
    %assign/vec4 v0x55c3f518d720_0, 0;
    %jmp T_10.26;
T_10.7 ;
    %pushi/vec4 1, 0, 5;
    %assign/vec4 v0x55c3f518d720_0, 0;
    %jmp T_10.26;
T_10.8 ;
    %pushi/vec4 2, 0, 5;
    %assign/vec4 v0x55c3f518d720_0, 0;
    %jmp T_10.26;
T_10.9 ;
    %pushi/vec4 3, 0, 5;
    %assign/vec4 v0x55c3f518d720_0, 0;
    %jmp T_10.26;
T_10.10 ;
    %pushi/vec4 4, 0, 5;
    %assign/vec4 v0x55c3f518d720_0, 0;
    %jmp T_10.26;
T_10.11 ;
    %pushi/vec4 5, 0, 5;
    %assign/vec4 v0x55c3f518d720_0, 0;
    %jmp T_10.26;
T_10.12 ;
    %pushi/vec4 6, 0, 5;
    %assign/vec4 v0x55c3f518d720_0, 0;
    %jmp T_10.26;
T_10.13 ;
    %pushi/vec4 7, 0, 5;
    %assign/vec4 v0x55c3f518d720_0, 0;
    %jmp T_10.26;
T_10.14 ;
    %pushi/vec4 8, 0, 5;
    %assign/vec4 v0x55c3f518d720_0, 0;
    %jmp T_10.26;
T_10.15 ;
    %pushi/vec4 9, 0, 5;
    %assign/vec4 v0x55c3f518d720_0, 0;
    %jmp T_10.26;
T_10.16 ;
    %pushi/vec4 10, 0, 5;
    %assign/vec4 v0x55c3f518d720_0, 0;
    %jmp T_10.26;
T_10.17 ;
    %pushi/vec4 11, 0, 5;
    %assign/vec4 v0x55c3f518d720_0, 0;
    %jmp T_10.26;
T_10.18 ;
    %pushi/vec4 12, 0, 5;
    %assign/vec4 v0x55c3f518d720_0, 0;
    %jmp T_10.26;
T_10.19 ;
    %pushi/vec4 13, 0, 5;
    %assign/vec4 v0x55c3f518d720_0, 0;
    %jmp T_10.26;
T_10.20 ;
    %pushi/vec4 14, 0, 5;
    %assign/vec4 v0x55c3f518d720_0, 0;
    %jmp T_10.26;
T_10.21 ;
    %pushi/vec4 15, 0, 5;
    %assign/vec4 v0x55c3f518d720_0, 0;
    %jmp T_10.26;
T_10.22 ;
    %pushi/vec4 16, 0, 5;
    %assign/vec4 v0x55c3f518d720_0, 0;
    %jmp T_10.26;
T_10.23 ;
    %pushi/vec4 17, 0, 5;
    %assign/vec4 v0x55c3f518d720_0, 0;
    %jmp T_10.26;
T_10.24 ;
    %pushi/vec4 18, 0, 5;
    %assign/vec4 v0x55c3f518d720_0, 0;
    %jmp T_10.26;
T_10.25 ;
    %pushi/vec4 19, 0, 5;
    %assign/vec4 v0x55c3f518d720_0, 0;
    %jmp T_10.26;
T_10.26 ;
    %pop/vec4 1;
    %jmp T_10.5;
T_10.4 ;
    %load/vec4 v0x55c3f518d530_0;
    %cmpi/e 1, 0, 1;
    %jmp/0xz  T_10.27, 4;
    %pushi/vec4 0, 0, 3;
    %assign/vec4 v0x55c3f518d2d0_0, 0;
    %pushi/vec4 0, 0, 5;
    %assign/vec4 v0x55c3f518d720_0, 0;
    %jmp T_10.28;
T_10.27 ;
    %load/vec4 v0x55c3f518d2d0_0;
    %cmpi/ne 0, 0, 3;
    %jmp/0xz  T_10.29, 4;
    %load/vec4 v0x55c3f518d2d0_0;
    %addi 1, 0, 3;
    %assign/vec4 v0x55c3f518d2d0_0, 0;
T_10.29 ;
T_10.28 ;
T_10.5 ;
T_10.3 ;
T_10.1 ;
    %jmp T_10;
    .thread T_10;
    .scope S_0x55c3f518cfa0;
T_11 ;
    %wait E_0x55c3f511c080;
    %load/vec4 v0x55c3f518da50_0;
    %cmpi/e 0, 0, 1;
    %jmp/0xz  T_11.0, 4;
    %pushi/vec4 0, 0, 4;
    %assign/vec4 v0x55c3f518d8e0_0, 0;
    %jmp T_11.1;
T_11.0 ;
    %load/vec4 v0x55c3f518d530_0;
    %pushi/vec4 1, 0, 1;
    %cmp/e;
    %flag_get/vec4 4;
    %load/vec4 v0x55c3f518d720_0;
    %parti/s 1, 4, 4;
    %pushi/vec4 0, 0, 1;
    %cmp/e;
    %flag_get/vec4 4;
    %and;
    %flag_set/vec4 8;
    %jmp/0xz  T_11.2, 8;
    %load/vec4 v0x55c3f518d720_0;
    %parti/s 4, 0, 2;
    %assign/vec4 v0x55c3f518d8e0_0, 0;
T_11.2 ;
T_11.1 ;
    %jmp T_11;
    .thread T_11;
    .scope S_0x55c3f518cfa0;
T_12 ;
    %wait E_0x55c3f511c080;
    %load/vec4 v0x55c3f518da50_0;
    %cmpi/e 0, 0, 1;
    %jmp/0xz  T_12.0, 4;
    %pushi/vec4 0, 0, 4;
    %assign/vec4 v0x55c3f518d640_0, 0;
    %jmp T_12.1;
T_12.0 ;
    %load/vec4 v0x55c3f518d530_0;
    %pushi/vec4 1, 0, 1;
    %cmp/e;
    %flag_get/vec4 4;
    %load/vec4 v0x55c3f518d720_0;
    %parti/s 1, 4, 4;
    %pushi/vec4 1, 0, 1;
    %cmp/e;
    %flag_get/vec4 4;
    %and;
    %flag_set/vec4 8;
    %jmp/0xz  T_12.2, 8;
    %load/vec4 v0x55c3f518d720_0;
    %parti/s 2, 0, 2;
    %cmpi/e 1, 0, 2;
    %jmp/0xz  T_12.4, 4;
    %pushi/vec4 1, 0, 1;
    %ix/load 4, 0, 0;
    %ix/load 5, 0, 0;
    %flag_set/imm 4, 0;
    %assign/vec4/off/d v0x55c3f518d640_0, 4, 5;
    %load/vec4 v0x55c3f518d640_0;
    %parti/s 1, 0, 2;
    %ix/load 4, 1, 0;
    %ix/load 5, 0, 0;
    %flag_set/imm 4, 0;
    %assign/vec4/off/d v0x55c3f518d640_0, 4, 5;
    %jmp T_12.5;
T_12.4 ;
    %load/vec4 v0x55c3f518d640_0;
    %load/vec4 v0x55c3f518d720_0;
    %parti/s 2, 0, 2;
    %part/u 1;
    %inv;
    %ix/load 5, 0, 0;
    %load/vec4 v0x55c3f518d720_0;
    %parti/s 2, 0, 2;
    %ix/vec4 4;
    %assign/vec4/off/d v0x55c3f518d640_0, 4, 5;
    %pushi/vec4 0, 0, 1;
    %ix/load 4, 1, 0;
    %ix/load 5, 0, 0;
    %flag_set/imm 4, 0;
    %assign/vec4/off/d v0x55c3f518d640_0, 4, 5;
T_12.5 ;
    %jmp T_12.3;
T_12.2 ;
    %pushi/vec4 0, 0, 1;
    %ix/load 4, 1, 0;
    %ix/load 5, 0, 0;
    %flag_set/imm 4, 0;
    %assign/vec4/off/d v0x55c3f518d640_0, 4, 5;
T_12.3 ;
T_12.1 ;
    %jmp T_12;
    .thread T_12;
    .scope S_0x55c3f518bb10;
T_13 ;
    %wait E_0x55c3f511c080;
    %load/vec4 v0x55c3f518c340_0;
    %cmpi/e 0, 0, 1;
    %jmp/0xz  T_13.0, 4;
    %pushi/vec4 0, 0, 24;
    %assign/vec4 v0x55c3f518bfd0_0, 0;
    %jmp T_13.1;
T_13.0 ;
    %load/vec4 v0x55c3f518c510_0;
    %dup/vec4;
    %pushi/vec4 0, 0, 4;
    %cmp/u;
    %jmp/1 T_13.2, 6;
    %dup/vec4;
    %pushi/vec4 1, 0, 4;
    %cmp/u;
    %jmp/1 T_13.3, 6;
    %dup/vec4;
    %pushi/vec4 2, 0, 4;
    %cmp/u;
    %jmp/1 T_13.4, 6;
    %dup/vec4;
    %pushi/vec4 3, 0, 4;
    %cmp/u;
    %jmp/1 T_13.5, 6;
    %dup/vec4;
    %pushi/vec4 4, 0, 4;
    %cmp/u;
    %jmp/1 T_13.6, 6;
    %dup/vec4;
    %pushi/vec4 5, 0, 4;
    %cmp/u;
    %jmp/1 T_13.7, 6;
    %dup/vec4;
    %pushi/vec4 6, 0, 4;
    %cmp/u;
    %jmp/1 T_13.8, 6;
    %dup/vec4;
    %pushi/vec4 7, 0, 4;
    %cmp/u;
    %jmp/1 T_13.9, 6;
    %dup/vec4;
    %pushi/vec4 8, 0, 4;
    %cmp/u;
    %jmp/1 T_13.10, 6;
    %dup/vec4;
    %pushi/vec4 9, 0, 4;
    %cmp/u;
    %jmp/1 T_13.11, 6;
    %dup/vec4;
    %pushi/vec4 10, 0, 4;
    %cmp/u;
    %jmp/1 T_13.12, 6;
    %dup/vec4;
    %pushi/vec4 11, 0, 4;
    %cmp/u;
    %jmp/1 T_13.13, 6;
    %dup/vec4;
    %pushi/vec4 12, 0, 4;
    %cmp/u;
    %jmp/1 T_13.14, 6;
    %dup/vec4;
    %pushi/vec4 13, 0, 4;
    %cmp/u;
    %jmp/1 T_13.15, 6;
    %dup/vec4;
    %pushi/vec4 14, 0, 4;
    %cmp/u;
    %jmp/1 T_13.16, 6;
    %dup/vec4;
    %pushi/vec4 15, 0, 4;
    %cmp/u;
    %jmp/1 T_13.17, 6;
    %pushi/vec4 0, 0, 24;
    %assign/vec4 v0x55c3f518bfd0_0, 0;
    %jmp T_13.19;
T_13.2 ;
    %pushi/vec4 1000000, 0, 24;
    %assign/vec4 v0x55c3f518bfd0_0, 0;
    %jmp T_13.19;
T_13.3 ;
    %pushi/vec4 2000000, 0, 24;
    %assign/vec4 v0x55c3f518bfd0_0, 0;
    %jmp T_13.19;
T_13.4 ;
    %pushi/vec4 3000000, 0, 24;
    %assign/vec4 v0x55c3f518bfd0_0, 0;
    %jmp T_13.19;
T_13.5 ;
    %pushi/vec4 4000000, 0, 24;
    %assign/vec4 v0x55c3f518bfd0_0, 0;
    %jmp T_13.19;
T_13.6 ;
    %pushi/vec4 5000000, 0, 24;
    %assign/vec4 v0x55c3f518bfd0_0, 0;
    %jmp T_13.19;
T_13.7 ;
    %pushi/vec4 6000000, 0, 24;
    %assign/vec4 v0x55c3f518bfd0_0, 0;
    %jmp T_13.19;
T_13.8 ;
    %pushi/vec4 7000000, 0, 24;
    %assign/vec4 v0x55c3f518bfd0_0, 0;
    %jmp T_13.19;
T_13.9 ;
    %pushi/vec4 8000000, 0, 24;
    %assign/vec4 v0x55c3f518bfd0_0, 0;
    %jmp T_13.19;
T_13.10 ;
    %pushi/vec4 9000000, 0, 24;
    %assign/vec4 v0x55c3f518bfd0_0, 0;
    %jmp T_13.19;
T_13.11 ;
    %pushi/vec4 10000000, 0, 24;
    %assign/vec4 v0x55c3f518bfd0_0, 0;
    %jmp T_13.19;
T_13.12 ;
    %pushi/vec4 11000000, 0, 24;
    %assign/vec4 v0x55c3f518bfd0_0, 0;
    %jmp T_13.19;
T_13.13 ;
    %pushi/vec4 12000000, 0, 24;
    %assign/vec4 v0x55c3f518bfd0_0, 0;
    %jmp T_13.19;
T_13.14 ;
    %pushi/vec4 13000000, 0, 24;
    %assign/vec4 v0x55c3f518bfd0_0, 0;
    %jmp T_13.19;
T_13.15 ;
    %pushi/vec4 14000000, 0, 24;
    %assign/vec4 v0x55c3f518bfd0_0, 0;
    %jmp T_13.19;
T_13.16 ;
    %pushi/vec4 15000000, 0, 24;
    %assign/vec4 v0x55c3f518bfd0_0, 0;
    %jmp T_13.19;
T_13.17 ;
    %pushi/vec4 16000000, 0, 24;
    %assign/vec4 v0x55c3f518bfd0_0, 0;
    %jmp T_13.19;
T_13.19 ;
    %pop/vec4 1;
T_13.1 ;
    %jmp T_13;
    .thread T_13;
    .scope S_0x55c3f518bb10;
T_14 ;
    %wait E_0x55c3f511c080;
    %load/vec4 v0x55c3f518c340_0;
    %cmpi/e 0, 0, 1;
    %jmp/0xz  T_14.0, 4;
    %pushi/vec4 0, 0, 2;
    %assign/vec4 v0x55c3f518c090_0, 0;
    %jmp T_14.1;
T_14.0 ;
    %load/vec4 v0x55c3f518c090_0;
    %parti/s 1, 0, 2;
    %load/vec4 v0x55c3f518c3e0_0;
    %concat/vec4; draw_concat_vec4
    %assign/vec4 v0x55c3f518c090_0, 0;
T_14.1 ;
    %jmp T_14;
    .thread T_14;
    .scope S_0x55c3f518bb10;
T_15 ;
    %wait E_0x55c3f511c080;
    %load/vec4 v0x55c3f518c340_0;
    %cmpi/e 0, 0, 1;
    %jmp/0xz  T_15.0, 4;
    %pushi/vec4 0, 0, 24;
    %assign/vec4 v0x55c3f518bf00_0, 0;
    %jmp T_15.1;
T_15.0 ;
    %load/vec4 v0x55c3f518c090_0;
    %cmpi/e 1, 0, 2;
    %jmp/0xz  T_15.2, 4;
    %pushi/vec4 1, 0, 24;
    %assign/vec4 v0x55c3f518bf00_0, 0;
    %jmp T_15.3;
T_15.2 ;
    %load/vec4 v0x55c3f518c280_0;
    %cmpi/e 1, 0, 1;
    %jmp/0xz  T_15.4, 4;
    %pushi/vec4 0, 0, 24;
    %assign/vec4 v0x55c3f518bf00_0, 0;
    %jmp T_15.5;
T_15.4 ;
    %load/vec4 v0x55c3f518bf00_0;
    %load/vec4 v0x55c3f518c1c0_0;
    %pad/u 24;
    %add;
    %assign/vec4 v0x55c3f518bf00_0, 0;
T_15.5 ;
T_15.3 ;
T_15.1 ;
    %jmp T_15;
    .thread T_15;
    .scope S_0x55c3f518aff0;
T_16 ;
    %wait E_0x55c3f511c080;
    %load/vec4 v0x55c3f518b7a0_0;
    %cmpi/e 0, 0, 1;
    %jmp/0xz  T_16.0, 4;
    %pushi/vec4 65535, 0, 16;
    %assign/vec4 v0x55c3f518b4f0_0, 0;
    %jmp T_16.1;
T_16.0 ;
    %load/vec4 v0x55c3f518b860_0;
    %dup/vec4;
    %pushi/vec4 0, 0, 4;
    %cmp/u;
    %jmp/1 T_16.2, 6;
    %dup/vec4;
    %pushi/vec4 1, 0, 4;
    %cmp/u;
    %jmp/1 T_16.3, 6;
    %dup/vec4;
    %pushi/vec4 2, 0, 4;
    %cmp/u;
    %jmp/1 T_16.4, 6;
    %dup/vec4;
    %pushi/vec4 3, 0, 4;
    %cmp/u;
    %jmp/1 T_16.5, 6;
    %dup/vec4;
    %pushi/vec4 4, 0, 4;
    %cmp/u;
    %jmp/1 T_16.6, 6;
    %dup/vec4;
    %pushi/vec4 5, 0, 4;
    %cmp/u;
    %jmp/1 T_16.7, 6;
    %dup/vec4;
    %pushi/vec4 6, 0, 4;
    %cmp/u;
    %jmp/1 T_16.8, 6;
    %dup/vec4;
    %pushi/vec4 7, 0, 4;
    %cmp/u;
    %jmp/1 T_16.9, 6;
    %dup/vec4;
    %pushi/vec4 8, 0, 4;
    %cmp/u;
    %jmp/1 T_16.10, 6;
    %dup/vec4;
    %pushi/vec4 9, 0, 4;
    %cmp/u;
    %jmp/1 T_16.11, 6;
    %dup/vec4;
    %pushi/vec4 10, 0, 4;
    %cmp/u;
    %jmp/1 T_16.12, 6;
    %dup/vec4;
    %pushi/vec4 11, 0, 4;
    %cmp/u;
    %jmp/1 T_16.13, 6;
    %dup/vec4;
    %pushi/vec4 12, 0, 4;
    %cmp/u;
    %jmp/1 T_16.14, 6;
    %dup/vec4;
    %pushi/vec4 13, 0, 4;
    %cmp/u;
    %jmp/1 T_16.15, 6;
    %dup/vec4;
    %pushi/vec4 14, 0, 4;
    %cmp/u;
    %jmp/1 T_16.16, 6;
    %dup/vec4;
    %pushi/vec4 15, 0, 4;
    %cmp/u;
    %jmp/1 T_16.17, 6;
    %pushi/vec4 65535, 0, 16;
    %assign/vec4 v0x55c3f518b4f0_0, 0;
    %jmp T_16.19;
T_16.2 ;
    %pushi/vec4 65535, 0, 16;
    %assign/vec4 v0x55c3f518b4f0_0, 0;
    %jmp T_16.19;
T_16.3 ;
    %pushi/vec4 38223, 0, 16;
    %assign/vec4 v0x55c3f518b4f0_0, 0;
    %jmp T_16.19;
T_16.4 ;
    %pushi/vec4 34053, 0, 16;
    %assign/vec4 v0x55c3f518b4f0_0, 0;
    %jmp T_16.19;
T_16.5 ;
    %pushi/vec4 30338, 0, 16;
    %assign/vec4 v0x55c3f518b4f0_0, 0;
    %jmp T_16.19;
T_16.6 ;
    %pushi/vec4 28635, 0, 16;
    %assign/vec4 v0x55c3f518b4f0_0, 0;
    %jmp T_16.19;
T_16.7 ;
    %pushi/vec4 25511, 0, 16;
    %assign/vec4 v0x55c3f518b4f0_0, 0;
    %jmp T_16.19;
T_16.8 ;
    %pushi/vec4 22727, 0, 16;
    %assign/vec4 v0x55c3f518b4f0_0, 0;
    %jmp T_16.19;
T_16.9 ;
    %pushi/vec4 20248, 0, 16;
    %assign/vec4 v0x55c3f518b4f0_0, 0;
    %jmp T_16.19;
T_16.10 ;
    %pushi/vec4 19111, 0, 16;
    %assign/vec4 v0x55c3f518b4f0_0, 0;
    %jmp T_16.19;
T_16.11 ;
    %pushi/vec4 17026, 0, 16;
    %assign/vec4 v0x55c3f518b4f0_0, 0;
    %jmp T_16.19;
T_16.12 ;
    %pushi/vec4 15169, 0, 16;
    %assign/vec4 v0x55c3f518b4f0_0, 0;
    %jmp T_16.19;
T_16.13 ;
    %pushi/vec4 14317, 0, 16;
    %assign/vec4 v0x55c3f518b4f0_0, 0;
    %jmp T_16.19;
T_16.14 ;
    %pushi/vec4 12755, 0, 16;
    %assign/vec4 v0x55c3f518b4f0_0, 0;
    %jmp T_16.19;
T_16.15 ;
    %pushi/vec4 11364, 0, 16;
    %assign/vec4 v0x55c3f518b4f0_0, 0;
    %jmp T_16.19;
T_16.16 ;
    %pushi/vec4 10124, 0, 16;
    %assign/vec4 v0x55c3f518b4f0_0, 0;
    %jmp T_16.19;
T_16.17 ;
    %pushi/vec4 9556, 0, 16;
    %assign/vec4 v0x55c3f518b4f0_0, 0;
    %jmp T_16.19;
T_16.19 ;
    %pop/vec4 1;
T_16.1 ;
    %jmp T_16;
    .thread T_16;
    .scope S_0x55c3f518aff0;
T_17 ;
    %wait E_0x55c3f511c080;
    %load/vec4 v0x55c3f518b7a0_0;
    %cmpi/e 0, 0, 1;
    %jmp/0xz  T_17.0, 4;
    %pushi/vec4 0, 0, 16;
    %assign/vec4 v0x55c3f518b400_0, 0;
    %jmp T_17.1;
T_17.0 ;
    %load/vec4 v0x55c3f518b940_0;
    %cmpi/e 1, 0, 1;
    %jmp/0xz  T_17.2, 4;
    %pushi/vec4 0, 0, 16;
    %assign/vec4 v0x55c3f518b400_0, 0;
    %jmp T_17.3;
T_17.2 ;
    %load/vec4 v0x55c3f518b5d0_0;
    %cmpi/e 1, 0, 1;
    %jmp/0xz  T_17.4, 4;
    %pushi/vec4 1, 0, 16;
    %assign/vec4 v0x55c3f518b400_0, 0;
    %jmp T_17.5;
T_17.4 ;
    %load/vec4 v0x55c3f518b400_0;
    %addi 1, 0, 16;
    %assign/vec4 v0x55c3f518b400_0, 0;
T_17.5 ;
T_17.3 ;
T_17.1 ;
    %jmp T_17;
    .thread T_17;
    .scope S_0x55c3f518aff0;
T_18 ;
    %wait E_0x55c3f511c080;
    %load/vec4 v0x55c3f518b7a0_0;
    %cmpi/e 0, 0, 1;
    %jmp/0xz  T_18.0, 4;
    %pushi/vec4 0, 0, 1;
    %assign/vec4 v0x55c3f518b6e0_0, 0;
    %jmp T_18.1;
T_18.0 ;
    %load/vec4 v0x55c3f518b940_0;
    %cmpi/e 1, 0, 1;
    %jmp/0xz  T_18.2, 4;
    %pushi/vec4 0, 0, 1;
    %assign/vec4 v0x55c3f518b6e0_0, 0;
    %jmp T_18.3;
T_18.2 ;
    %load/vec4 v0x55c3f518b5d0_0;
    %cmpi/e 1, 0, 1;
    %jmp/0xz  T_18.4, 4;
    %load/vec4 v0x55c3f518b6e0_0;
    %inv;
    %assign/vec4 v0x55c3f518b6e0_0, 0;
T_18.4 ;
T_18.3 ;
T_18.1 ;
    %jmp T_18;
    .thread T_18;
    .scope S_0x55c3f5190bd0;
T_19 ;
    %wait E_0x55c3f511c080;
    %load/vec4 v0x55c3f5191180_0;
    %cmpi/e 0, 0, 1;
    %jmp/0xz  T_19.0, 4;
    %pushi/vec4 1, 0, 14;
    %assign/vec4 v0x55c3f5191020_0, 0;
    %jmp T_19.1;
T_19.0 ;
    %load/vec4 v0x55c3f5191020_0;
    %load/vec4 v0x55c3f51910c0_0;
    %pad/u 14;
    %cmp/e;
    %jmp/0xz  T_19.2, 4;
    %pushi/vec4 1, 0, 14;
    %assign/vec4 v0x55c3f5191020_0, 0;
    %jmp T_19.3;
T_19.2 ;
    %load/vec4 v0x55c3f5191020_0;
    %addi 1, 0, 14;
    %assign/vec4 v0x55c3f5191020_0, 0;
T_19.3 ;
T_19.1 ;
    %jmp T_19;
    .thread T_19;
    .scope S_0x55c3f5190bd0;
T_20 ;
    %wait E_0x55c3f511c080;
    %load/vec4 v0x55c3f5191180_0;
    %cmpi/e 0, 0, 1;
    %jmp/0xz  T_20.0, 4;
    %pushi/vec4 0, 0, 4;
    %assign/vec4 v0x55c3f5191270_0, 0;
    %jmp T_20.1;
T_20.0 ;
    %load/vec4 v0x55c3f5191270_0;
    %cmpi/e 0, 0, 4;
    %jmp/0xz  T_20.2, 4;
    %pushi/vec4 14, 0, 4;
    %assign/vec4 v0x55c3f5191270_0, 0;
    %jmp T_20.3;
T_20.2 ;
    %load/vec4 v0x55c3f51910c0_0;
    %cmpi/e 1, 0, 1;
    %jmp/0xz  T_20.4, 4;
    %load/vec4 v0x55c3f5191270_0;
    %parti/s 3, 0, 2;
    %load/vec4 v0x55c3f5191270_0;
    %parti/s 1, 3, 3;
    %concat/vec4; draw_concat_vec4
    %assign/vec4 v0x55c3f5191270_0, 0;
T_20.4 ;
T_20.3 ;
T_20.1 ;
    %jmp T_20;
    .thread T_20;
    .scope S_0x55c3f518fb30;
T_21 ;
    %wait E_0x55c3f511c080;
    %load/vec4 v0x55c3f5190140_0;
    %cmpi/e 0, 0, 1;
    %jmp/0xz  T_21.0, 4;
    %pushi/vec4 0, 0, 4;
    %assign/vec4 v0x55c3f5190040_0, 0;
    %jmp T_21.1;
T_21.0 ;
    %load/vec4 v0x55c3f51902f0_0;
    %dup/vec4;
    %pushi/vec4 14, 0, 4;
    %cmp/u;
    %jmp/1 T_21.2, 6;
    %dup/vec4;
    %pushi/vec4 13, 0, 4;
    %cmp/u;
    %jmp/1 T_21.3, 6;
    %dup/vec4;
    %pushi/vec4 11, 0, 4;
    %cmp/u;
    %jmp/1 T_21.4, 6;
    %dup/vec4;
    %pushi/vec4 7, 0, 4;
    %cmp/u;
    %jmp/1 T_21.5, 6;
    %pushi/vec4 15, 15, 4;
    %assign/vec4 v0x55c3f5190040_0, 0;
    %jmp T_21.7;
T_21.2 ;
    %load/vec4 v0x55c3f518ff60_0;
    %parti/s 4, 12, 5;
    %assign/vec4 v0x55c3f5190040_0, 0;
    %jmp T_21.7;
T_21.3 ;
    %load/vec4 v0x55c3f518ff60_0;
    %parti/s 4, 8, 5;
    %assign/vec4 v0x55c3f5190040_0, 0;
    %jmp T_21.7;
T_21.4 ;
    %load/vec4 v0x55c3f518ff60_0;
    %parti/s 4, 4, 4;
    %assign/vec4 v0x55c3f5190040_0, 0;
    %jmp T_21.7;
T_21.5 ;
    %load/vec4 v0x55c3f518ff60_0;
    %parti/s 4, 0, 2;
    %assign/vec4 v0x55c3f5190040_0, 0;
    %jmp T_21.7;
T_21.7 ;
    %pop/vec4 1;
T_21.1 ;
    %jmp T_21;
    .thread T_21;
    .scope S_0x55c3f51904a0;
T_22 ;
    %wait E_0x55c3f511c080;
    %load/vec4 v0x55c3f5190990_0;
    %cmpi/e 0, 0, 1;
    %jmp/0xz  T_22.0, 4;
    %pushi/vec4 0, 0, 4;
    %assign/vec4 v0x55c3f5190890_0, 0;
    %jmp T_22.1;
T_22.0 ;
    %load/vec4 v0x55c3f5190a30_0;
    %dup/vec4;
    %pushi/vec4 14, 0, 4;
    %cmp/u;
    %jmp/1 T_22.2, 6;
    %dup/vec4;
    %pushi/vec4 13, 0, 4;
    %cmp/u;
    %jmp/1 T_22.3, 6;
    %dup/vec4;
    %pushi/vec4 11, 0, 4;
    %cmp/u;
    %jmp/1 T_22.4, 6;
    %dup/vec4;
    %pushi/vec4 7, 0, 4;
    %cmp/u;
    %jmp/1 T_22.5, 6;
    %pushi/vec4 15, 15, 4;
    %assign/vec4 v0x55c3f5190890_0, 0;
    %jmp T_22.7;
T_22.2 ;
    %load/vec4 v0x55c3f51907b0_0;
    %parti/s 4, 12, 5;
    %assign/vec4 v0x55c3f5190890_0, 0;
    %jmp T_22.7;
T_22.3 ;
    %load/vec4 v0x55c3f51907b0_0;
    %parti/s 4, 8, 5;
    %assign/vec4 v0x55c3f5190890_0, 0;
    %jmp T_22.7;
T_22.4 ;
    %load/vec4 v0x55c3f51907b0_0;
    %parti/s 4, 4, 4;
    %assign/vec4 v0x55c3f5190890_0, 0;
    %jmp T_22.7;
T_22.5 ;
    %load/vec4 v0x55c3f51907b0_0;
    %parti/s 4, 0, 2;
    %assign/vec4 v0x55c3f5190890_0, 0;
    %jmp T_22.7;
T_22.7 ;
    %pop/vec4 1;
T_22.1 ;
    %jmp T_22;
    .thread T_22;
    .scope S_0x55c3f518eec0;
T_23 ;
    %wait E_0x55c3f511c080;
    %load/vec4 v0x55c3f518f1f0_0;
    %cmpi/e 0, 0, 1;
    %jmp/0xz  T_23.0, 4;
    %pushi/vec4 0, 0, 8;
    %assign/vec4 v0x55c3f518f2b0_0, 0;
    %jmp T_23.1;
T_23.0 ;
    %load/vec4 v0x55c3f518f380_0;
    %dup/vec4;
    %pushi/vec4 0, 0, 4;
    %cmp/u;
    %jmp/1 T_23.2, 6;
    %dup/vec4;
    %pushi/vec4 1, 0, 4;
    %cmp/u;
    %jmp/1 T_23.3, 6;
    %dup/vec4;
    %pushi/vec4 2, 0, 4;
    %cmp/u;
    %jmp/1 T_23.4, 6;
    %dup/vec4;
    %pushi/vec4 3, 0, 4;
    %cmp/u;
    %jmp/1 T_23.5, 6;
    %dup/vec4;
    %pushi/vec4 4, 0, 4;
    %cmp/u;
    %jmp/1 T_23.6, 6;
    %dup/vec4;
    %pushi/vec4 5, 0, 4;
    %cmp/u;
    %jmp/1 T_23.7, 6;
    %dup/vec4;
    %pushi/vec4 6, 0, 4;
    %cmp/u;
    %jmp/1 T_23.8, 6;
    %dup/vec4;
    %pushi/vec4 7, 0, 4;
    %cmp/u;
    %jmp/1 T_23.9, 6;
    %dup/vec4;
    %pushi/vec4 8, 0, 4;
    %cmp/u;
    %jmp/1 T_23.10, 6;
    %dup/vec4;
    %pushi/vec4 9, 0, 4;
    %cmp/u;
    %jmp/1 T_23.11, 6;
    %dup/vec4;
    %pushi/vec4 10, 0, 4;
    %cmp/u;
    %jmp/1 T_23.12, 6;
    %dup/vec4;
    %pushi/vec4 11, 0, 4;
    %cmp/u;
    %jmp/1 T_23.13, 6;
    %dup/vec4;
    %pushi/vec4 12, 0, 4;
    %cmp/u;
    %jmp/1 T_23.14, 6;
    %dup/vec4;
    %pushi/vec4 13, 0, 4;
    %cmp/u;
    %jmp/1 T_23.15, 6;
    %dup/vec4;
    %pushi/vec4 14, 0, 4;
    %cmp/u;
    %jmp/1 T_23.16, 6;
    %dup/vec4;
    %pushi/vec4 15, 0, 4;
    %cmp/u;
    %jmp/1 T_23.17, 6;
    %pushi/vec4 255, 255, 8;
    %assign/vec4 v0x55c3f518f2b0_0, 0;
    %jmp T_23.19;
T_23.2 ;
    %pushi/vec4 252, 0, 8;
    %assign/vec4 v0x55c3f518f2b0_0, 0;
    %jmp T_23.19;
T_23.3 ;
    %pushi/vec4 96, 0, 8;
    %assign/vec4 v0x55c3f518f2b0_0, 0;
    %jmp T_23.19;
T_23.4 ;
    %pushi/vec4 218, 0, 8;
    %assign/vec4 v0x55c3f518f2b0_0, 0;
    %jmp T_23.19;
T_23.5 ;
    %pushi/vec4 242, 0, 8;
    %assign/vec4 v0x55c3f518f2b0_0, 0;
    %jmp T_23.19;
T_23.6 ;
    %pushi/vec4 102, 0, 8;
    %assign/vec4 v0x55c3f518f2b0_0, 0;
    %jmp T_23.19;
T_23.7 ;
    %pushi/vec4 182, 0, 8;
    %assign/vec4 v0x55c3f518f2b0_0, 0;
    %jmp T_23.19;
T_23.8 ;
    %pushi/vec4 190, 0, 8;
    %assign/vec4 v0x55c3f518f2b0_0, 0;
    %jmp T_23.19;
T_23.9 ;
    %pushi/vec4 224, 0, 8;
    %assign/vec4 v0x55c3f518f2b0_0, 0;
    %jmp T_23.19;
T_23.10 ;
    %pushi/vec4 254, 0, 8;
    %assign/vec4 v0x55c3f518f2b0_0, 0;
    %jmp T_23.19;
T_23.11 ;
    %pushi/vec4 246, 0, 8;
    %assign/vec4 v0x55c3f518f2b0_0, 0;
    %jmp T_23.19;
T_23.12 ;
    %pushi/vec4 238, 0, 8;
    %assign/vec4 v0x55c3f518f2b0_0, 0;
    %jmp T_23.19;
T_23.13 ;
    %pushi/vec4 62, 0, 8;
    %assign/vec4 v0x55c3f518f2b0_0, 0;
    %jmp T_23.19;
T_23.14 ;
    %pushi/vec4 26, 0, 8;
    %assign/vec4 v0x55c3f518f2b0_0, 0;
    %jmp T_23.19;
T_23.15 ;
    %pushi/vec4 122, 0, 8;
    %assign/vec4 v0x55c3f518f2b0_0, 0;
    %jmp T_23.19;
T_23.16 ;
    %pushi/vec4 158, 0, 8;
    %assign/vec4 v0x55c3f518f2b0_0, 0;
    %jmp T_23.19;
T_23.17 ;
    %pushi/vec4 142, 0, 8;
    %assign/vec4 v0x55c3f518f2b0_0, 0;
    %jmp T_23.19;
T_23.19 ;
    %pop/vec4 1;
T_23.1 ;
    %jmp T_23;
    .thread T_23;
    .scope S_0x55c3f518f510;
T_24 ;
    %wait E_0x55c3f511c080;
    %load/vec4 v0x55c3f518f810_0;
    %cmpi/e 0, 0, 1;
    %jmp/0xz  T_24.0, 4;
    %pushi/vec4 0, 0, 8;
    %assign/vec4 v0x55c3f518f8d0_0, 0;
    %jmp T_24.1;
T_24.0 ;
    %load/vec4 v0x55c3f518f9a0_0;
    %dup/vec4;
    %pushi/vec4 0, 0, 4;
    %cmp/u;
    %jmp/1 T_24.2, 6;
    %dup/vec4;
    %pushi/vec4 1, 0, 4;
    %cmp/u;
    %jmp/1 T_24.3, 6;
    %dup/vec4;
    %pushi/vec4 2, 0, 4;
    %cmp/u;
    %jmp/1 T_24.4, 6;
    %dup/vec4;
    %pushi/vec4 3, 0, 4;
    %cmp/u;
    %jmp/1 T_24.5, 6;
    %dup/vec4;
    %pushi/vec4 4, 0, 4;
    %cmp/u;
    %jmp/1 T_24.6, 6;
    %dup/vec4;
    %pushi/vec4 5, 0, 4;
    %cmp/u;
    %jmp/1 T_24.7, 6;
    %dup/vec4;
    %pushi/vec4 6, 0, 4;
    %cmp/u;
    %jmp/1 T_24.8, 6;
    %dup/vec4;
    %pushi/vec4 7, 0, 4;
    %cmp/u;
    %jmp/1 T_24.9, 6;
    %dup/vec4;
    %pushi/vec4 8, 0, 4;
    %cmp/u;
    %jmp/1 T_24.10, 6;
    %dup/vec4;
    %pushi/vec4 9, 0, 4;
    %cmp/u;
    %jmp/1 T_24.11, 6;
    %dup/vec4;
    %pushi/vec4 10, 0, 4;
    %cmp/u;
    %jmp/1 T_24.12, 6;
    %dup/vec4;
    %pushi/vec4 11, 0, 4;
    %cmp/u;
    %jmp/1 T_24.13, 6;
    %dup/vec4;
    %pushi/vec4 12, 0, 4;
    %cmp/u;
    %jmp/1 T_24.14, 6;
    %dup/vec4;
    %pushi/vec4 13, 0, 4;
    %cmp/u;
    %jmp/1 T_24.15, 6;
    %dup/vec4;
    %pushi/vec4 14, 0, 4;
    %cmp/u;
    %jmp/1 T_24.16, 6;
    %dup/vec4;
    %pushi/vec4 15, 0, 4;
    %cmp/u;
    %jmp/1 T_24.17, 6;
    %pushi/vec4 255, 255, 8;
    %assign/vec4 v0x55c3f518f8d0_0, 0;
    %jmp T_24.19;
T_24.2 ;
    %pushi/vec4 252, 0, 8;
    %assign/vec4 v0x55c3f518f8d0_0, 0;
    %jmp T_24.19;
T_24.3 ;
    %pushi/vec4 96, 0, 8;
    %assign/vec4 v0x55c3f518f8d0_0, 0;
    %jmp T_24.19;
T_24.4 ;
    %pushi/vec4 218, 0, 8;
    %assign/vec4 v0x55c3f518f8d0_0, 0;
    %jmp T_24.19;
T_24.5 ;
    %pushi/vec4 242, 0, 8;
    %assign/vec4 v0x55c3f518f8d0_0, 0;
    %jmp T_24.19;
T_24.6 ;
    %pushi/vec4 102, 0, 8;
    %assign/vec4 v0x55c3f518f8d0_0, 0;
    %jmp T_24.19;
T_24.7 ;
    %pushi/vec4 182, 0, 8;
    %assign/vec4 v0x55c3f518f8d0_0, 0;
    %jmp T_24.19;
T_24.8 ;
    %pushi/vec4 190, 0, 8;
    %assign/vec4 v0x55c3f518f8d0_0, 0;
    %jmp T_24.19;
T_24.9 ;
    %pushi/vec4 224, 0, 8;
    %assign/vec4 v0x55c3f518f8d0_0, 0;
    %jmp T_24.19;
T_24.10 ;
    %pushi/vec4 254, 0, 8;
    %assign/vec4 v0x55c3f518f8d0_0, 0;
    %jmp T_24.19;
T_24.11 ;
    %pushi/vec4 246, 0, 8;
    %assign/vec4 v0x55c3f518f8d0_0, 0;
    %jmp T_24.19;
T_24.12 ;
    %pushi/vec4 238, 0, 8;
    %assign/vec4 v0x55c3f518f8d0_0, 0;
    %jmp T_24.19;
T_24.13 ;
    %pushi/vec4 62, 0, 8;
    %assign/vec4 v0x55c3f518f8d0_0, 0;
    %jmp T_24.19;
T_24.14 ;
    %pushi/vec4 26, 0, 8;
    %assign/vec4 v0x55c3f518f8d0_0, 0;
    %jmp T_24.19;
T_24.15 ;
    %pushi/vec4 122, 0, 8;
    %assign/vec4 v0x55c3f518f8d0_0, 0;
    %jmp T_24.19;
T_24.16 ;
    %pushi/vec4 158, 0, 8;
    %assign/vec4 v0x55c3f518f8d0_0, 0;
    %jmp T_24.19;
T_24.17 ;
    %pushi/vec4 142, 0, 8;
    %assign/vec4 v0x55c3f518f8d0_0, 0;
    %jmp T_24.19;
T_24.19 ;
    %pop/vec4 1;
T_24.1 ;
    %jmp T_24;
    .thread T_24;
    .scope S_0x55c3f5191d00;
T_25 ;
    %wait E_0x55c3f5172070;
    %load/vec4 v0x55c3f51922b0_0;
    %cmpi/e 1, 0, 1;
    %jmp/0xz  T_25.0, 4;
    %pushi/vec4 0, 0, 4;
    %load/vec4 v0x55c3f5192030_0;
    %concat/vec4; draw_concat_vec4
    %assign/vec4 v0x55c3f5192370_0, 0;
    %jmp T_25.1;
T_25.0 ;
    %load/vec4 v0x55c3f5192370_0;
    %parti/s 7, 0, 2;
    %concati/vec4 0, 0, 1;
    %assign/vec4 v0x55c3f5192370_0, 0;
T_25.1 ;
    %jmp T_25;
    .thread T_25;
    .scope S_0x55c3f5191d00;
T_26 ;
    %wait E_0x55c3f5172070;
    %load/vec4 v0x55c3f51922b0_0;
    %cmpi/e 1, 0, 1;
    %jmp/0xz  T_26.0, 4;
    %load/vec4 v0x55c3f5192130_0;
    %assign/vec4 v0x55c3f51924a0_0, 0;
    %jmp T_26.1;
T_26.0 ;
    %pushi/vec4 0, 0, 1;
    %load/vec4 v0x55c3f51924a0_0;
    %parti/s 3, 1, 2;
    %concat/vec4; draw_concat_vec4
    %assign/vec4 v0x55c3f51924a0_0, 0;
T_26.1 ;
    %jmp T_26;
    .thread T_26;
    .scope S_0x55c3f5191d00;
T_27 ;
    %wait E_0x55c3f5172070;
    %load/vec4 v0x55c3f51922b0_0;
    %cmpi/e 1, 0, 1;
    %jmp/0xz  T_27.0, 4;
    %pushi/vec4 0, 0, 8;
    %assign/vec4 v0x55c3f5192640_0, 0;
    %jmp T_27.1;
T_27.0 ;
    %load/vec4 v0x55c3f51924a0_0;
    %parti/s 1, 0, 2;
    %cmpi/e 1, 0, 1;
    %jmp/0xz  T_27.2, 4;
    %load/vec4 v0x55c3f5192640_0;
    %load/vec4 v0x55c3f5192370_0;
    %add;
    %assign/vec4 v0x55c3f5192640_0, 0;
T_27.2 ;
T_27.1 ;
    %jmp T_27;
    .thread T_27;
# The file index is used to find the file name in the following table.
:file_names 6;
    "N/A";
    "<interactive>";
    "io_dev.v";
    "sim.v";
    "usr_dev.v";
    "top.v";
